     1                                  extern pi
     2                                  section .data
     3                                  section .bss
     4                                  section .text
     5                                  
     6                                  global c_area
     7                                  c_area:
     8                                  	section .text
     9 00000000 55                      	push rbp,
    10 00000001 4889E5                  	mov rbp, rsp
    11 00000004 F20F100C25-             	movsd xmm1, qword [pi]
    11 00000009 [00000000]         
    12 0000000D F20F59C0                	mulsd xmm0, xmm0 
    13 00000011 F20F59C1                	mulsd xmm0, xmm1
    14 00000015 4889EC                  	mov rsp,rbp
    15 00000018 5D                      	pop rbp
    16 00000019 C3                      	ret
    17                                  
    18                                  global c_circum
    19                                  c_circum:
    20                                  	section .text
    21 0000001A 55                      	push rbp
    22 0000001B 4889E5                  	mov rbp,rsp
    23 0000001E F20F100C25-             	movsd xmm1, qword [pi]
    23 00000023 [00000000]         
    24 00000027 F20F58C0                	addsd xmm0, xmm0
    25 0000002B F20F59C1                	mulsd xmm0, xmm1
    26 0000002F 4889EC                  	mov rsp,rbp
    27 00000032 5D                      	pop rbp
    28 00000033 C3                      	ret
