     1                                  ;function4.asm external functions
     2                                  
     3                                  extern printf
     4                                  extern c_area
     5                                  extern c_circum
     6                                  extern r_area
     7                                  extern r_circum
     8                                  global pi
     9                                  
    10                                  section .data
    11 00000000 50455254FB210940        	pi 	dq 3.141592654
    12 00000008 0000000000002440        	radius	dq 10.0
    13 00000010 0400000000000000        	side1	dq 4
    14 00000018 0500000000000000        	side2	dq 5
    15 00000020 25732025660A00          	fmtf	db "%s %f",10,0
    16 00000027 25732025640A00          	fmti	db "%s %d",10,0
    17 0000002E 54686520436972636C-     	ca	db "The Circle area is ",0
    17 00000037 652061726561206973-
    17 00000040 2000               
    18 00000042 54686520436972636C-     	cc	db "The Circle circumference is ",0
    18 0000004B 652063697263756D66-
    18 00000054 6572656E6365206973-
    18 0000005D 2000               
    19 0000005F 546865205265637461-     	ra	db "The Rectangle area is ",0
    19 00000068 6E676C652061726561-
    19 00000071 2069732000         
    20 00000076 546865205265637461-     	rc	db "The Rectangle circumference is ",0
    20 0000007F 6E676C652063697263-
    20 00000088 756D666572656E6365-
    20 00000091 2069732000         
    21                                  section .bss
    22                                  section .text
    23                                  	global main
    24                                  main:
    25 00000000 55                      	push rbp
    26 00000001 4889E5                  	mov rbp,rsp
    27                                  	;circle area
    28 00000004 F20F100425-             	movsd xmm0, qword [radius] ;radious xmm0 arg
    28 00000009 [08000000]         
    29 0000000D E8(00000000)            	call c_area ;area returned in xmm0
    30                                  	;print the circle area
    31 00000012 48BF-                   	mov rdi, fmtf ;move string for stdout
    31 00000014 [2000000000000000] 
    32 0000001C 48BE-                   	mov rsi, ca ;our string to write out
    32 0000001E [2E00000000000000] 
    33 00000026 B801000000              	mov rax, 1 ;1=sys_write
    34 0000002B E8(00000000)            	call printf ;call printf
    35                                  	
    36                                  	;circle circumference
    37 00000030 F20F100425-             	movsd xmm0, qword [radius]
    37 00000035 [08000000]         
    38 00000039 E8(00000000)            	call c_circum
    39                                  	;print circle circumference
    40 0000003E 48BF-                   	mov rdi, fmti
    40 00000040 [2700000000000000] 
    41 00000048 48BE-                   	mov rsi, cc
    41 0000004A [4200000000000000] 
    42 00000052 B801000000              	mov rax, 1
    43 00000057 E8(00000000)            	call printf
    44                                  
    45                                  	;rectangle area
    46 0000005C 488B3C25[10000000]      	mov rdi, [side1]
    47 00000064 488B3425[18000000]      	mov rsi, [side2]
    48 0000006C E8(00000000)            	call r_area ;area is returned in rax
    49                                  	
    50                                  	;print rectangle area
    51 00000071 48BF-                   	mov rdi, fmti
    51 00000073 [2700000000000000] 
    52 0000007B 48BE-                   	mov rsi, ra
    52 0000007D [5F00000000000000] 
    53 00000085 4889C2                  	mov rdx, rax
    54 00000088 B800000000              	mov rax, 0
    55 0000008D E8(00000000)            	call printf
    56                                  
    57                                  	;rectangle circumference
    58 00000092 488B3C25[10000000]      	mov rdi, [side1]
    59 0000009A 488B3425[18000000]      	mov rsi, [side2]
    60 000000A2 E8(00000000)            	call r_circum ;circum returned in rax
    61 000000A7 48BF-                   	mov rdi, fmti
    61 000000A9 [2700000000000000] 
    62 000000B1 48BE-                   	mov rsi, rc
    62 000000B3 [7600000000000000] 
    63 000000BB 4889C2                  	mov rdx, rax
    64 000000BE B800000000              	mov rax, 0
    65 000000C3 E8(00000000)            	call printf
    66                                  
    67 000000C8 4889EC                  	mov rsp,rbp
    68 000000CB 5D                      	pop rbp
    69 000000CC C3                      	ret
    70                                  
    71                                  
