     1                                  ;function.asm
     2                                  extern printf
     3                                  section .data
     4 00000000 0000000000002440        	radius dq 10.0 ;define radius, dq=quadword
     5 00000008 1F85EB51B81E0940        	pi     dq 3.14 ;define pi
     6 00000010 546865206172656120-     	fmt    db "The area of the circle is %2.f",10,0 ;define output string
     6 00000019 6F6620746865206369-
     6 00000022 72636C652069732025-
     6 0000002B 322E660A00         
     7                                  section .bss
     8                                  section .txt
     9                                  	global main
    10                                  main:
    11 00000000 55                      	push rbp     ;<--Prologue --
    12 00000001 4889E5                  	mov  rbp,rsp ;--------------
    13 00000004 E81F000000              	call area    ;call the area function
    14 00000009 48BF-                   	mov rdi,fmt  ;prit our fmt string
    14 0000000B [1000000000000000] 
    15 00000013 F20F100C25-             	movsd xmm1, [radius] ;move radius float value to xmm1
    15 00000018 [00000000]         
    16 0000001C B801000000              	mov rax,1    ;area in xmm0
    17 00000021 E8(00000000)            	call printf
    18 00000026 C9                      	leave
    19 00000027 C3                      	ret
    20                                  area:
    21 00000028 55                      	push rbp ;<----Prologue --
    22 00000029 4889E5                  	mov rbp,rsp ;-------------
    23 0000002C F20F100425-             	movsd xmm0, [radius] ;move radius float val to xmm0
    23 00000031 [00000000]         
    24 00000035 F20F590425-             	mulsd xmm0, [radius]
    24 0000003A [00000000]         
    25 0000003E F20F590425-             	mulsd xmm0, [pi] ;multiply xmm0 by float
    25 00000043 [08000000]         
    26 00000047 C9                      	leave
    27 00000048 C3                      	ret
    28                                  
